This is TeX, Version 3.141592 (Web2C 7.5.4) (format=tex 2008.3.11)  26 AUG 2008 20:02
**breqn.dtx empheq.dtx flexisym.dtx mathstyle.dtx mathtools.dtx mhsetup.dtx xfr
ac.dtx
(./breqn.dtx (/usr/share/texmf/tex/latex/base/docstrip.tex
\blockLevel=\count26
\emptyLines=\count27
\processedLines=\count28
\commentsRemoved=\count29
\commentsPassed=\count30
\codeLinesPassed=\count31
\TotalprocessedLines=\count32
\TotalcommentsRemoved=\count33
\TotalcommentsPassed=\count34
\TotalcodeLinesPassed=\count35
\NumberOfFiles=\count36
\inFile=\read0
\inputcheck=\read1
\@tempcnta=\count37
\off@0=\count38
\off@1=\count39
\off@2=\count40
\off@3=\count41
\off@4=\count42
\off@5=\count43
\off@6=\count44
\off@7=\count45
\off@8=\count46
\off@9=\count47
\off@10=\count48
\off@11=\count49
\off@12=\count50
\off@13=\count51
\off@14=\count52
\off@15=\count53
\@temptokena=\toks12
\@maxfiles=\count54
\@maxoutfiles=\count55

Utility: `docstrip' 2.5c <2003/09/18>
English documentation    <1999/03/31>

**********************************************************
* This program converts documented macro-files into fast *
* loadable files by stripping off (nearly) all comments! *
**********************************************************

********************************************************
* No Configuration file found, using default settings. *
********************************************************

)
************************************************************************
* Installation
* Package: breqn 2008/08/13 v0.98a Breqn (MH)
************************************************************************

Generating file(s) breqn.ins breqn.drv breqn.sty 
\openout0 = `breqn.ins'.

\openout1 = `breqn.drv'.

\openout2 = `breqn.sty'.


Processing file breqn.dtx (install) -> breqn.ins
                          (driver) -> breqn.drv
                          (package) -> breqn.sty
Lines  processed: 6820
Comments removed: 4538
Comments  passed: 18
Codelines passed: 2183

************************************************************************
*
* To finish the installation you have to move the following
* file into a directory searched by TeX:
*
*     breqn.sty
*
* To produce the documentation run the file `breqn.drv'
* through LaTeX.
*
* Happy TeXing!
*
************************************************************************
 )
No pages of output.
