This is TeX, Version 3.141592 (Web2C 7.5.4) (format=tex 2008.3.11)  26 AUG 2008 20:09
**mathstyle.dtx
(./mathstyle.dtx (/usr/share/texmf/tex/latex/base/docstrip.tex
\blockLevel=\count26
\emptyLines=\count27
\processedLines=\count28
\commentsRemoved=\count29
\commentsPassed=\count30
\codeLinesPassed=\count31
\TotalprocessedLines=\count32
\TotalcommentsRemoved=\count33
\TotalcommentsPassed=\count34
\TotalcodeLinesPassed=\count35
\NumberOfFiles=\count36
\inFile=\read0
\inputcheck=\read1
\@tempcnta=\count37
\off@0=\count38
\off@1=\count39
\off@2=\count40
\off@3=\count41
\off@4=\count42
\off@5=\count43
\off@6=\count44
\off@7=\count45
\off@8=\count46
\off@9=\count47
\off@10=\count48
\off@11=\count49
\off@12=\count50
\off@13=\count51
\off@14=\count52
\off@15=\count53
\@temptokena=\toks12
\@maxfiles=\count54
\@maxoutfiles=\count55

Utility: `docstrip' 2.5c <2003/09/18>
English documentation    <1999/03/31>

**********************************************************
* This program converts documented macro-files into fast *
* loadable files by stripping off (nearly) all comments! *
**********************************************************

********************************************************
* No Configuration file found, using default settings. *
********************************************************

)
************************************************************************
* Installation
* Package: mathstyle 2008/08/13 v0.86 Mathstyle (MH)
************************************************************************

Generating file(s) mathstyle.ins mathstyle.drv mathstyle.sty 
\openout0 = `mathstyle.ins'.

\openout1 = `mathstyle.drv'.

\openout2 = `mathstyle.sty'.


Processing file mathstyle.dtx (install) -> mathstyle.ins
                              (driver) -> mathstyle.drv
                              (package) -> mathstyle.sty
Lines  processed: 429
Comments removed: 194
Comments  passed: 0
Codelines passed: 225

************************************************************************
*
* To finish the installation you have to move the following
* file into a directory searched by TeX:
*
*     mathstyle.sty
*
* To produce the documentation run the file `mathstyle.drv'
* through LaTeX.
*
* Happy TeXing!
*
************************************************************************
 )
No pages of output.
