\BOOKMARK [1][-]{section.1}{Introduction}{}
\BOOKMARK [1][-]{section.2}{Package loading}{}
\BOOKMARK [2][-]{subsection.2.1}{Special mathtools options}{section.2}
\BOOKMARK [1][-]{section.3}{Tools for mathematical typesetting}{}
\BOOKMARK [2][-]{subsection.3.1}{Fine-tuning mathematical layout}{section.3}
\BOOKMARK [3][-]{subsubsection.3.1.1}{A complement to \134smash, \134llap, and \134rlap}{subsection.3.1}
\BOOKMARK [3][-]{subsubsection.3.1.2}{Forcing a cramped style}{subsection.3.1}
\BOOKMARK [3][-]{subsubsection.3.1.3}{Smashing an operator}{subsection.3.1}
\BOOKMARK [3][-]{subsubsection.3.1.4}{Adjusting limits of operators}{subsection.3.1}
\BOOKMARK [2][-]{subsection.3.2}{Controlling tags}{section.3}
\BOOKMARK [3][-]{subsubsection.3.2.1}{The appearance of tags}{subsection.3.2}
\BOOKMARK [3][-]{subsubsection.3.2.2}{Showing only referenced tags}{subsection.3.2}
\BOOKMARK [2][-]{subsection.3.3}{Extensible symbols}{section.3}
\BOOKMARK [3][-]{subsubsection.3.3.1}{Arrow-like symbols}{subsection.3.3}
\BOOKMARK [3][-]{subsubsection.3.3.2}{Braces and brackets}{subsection.3.3}
\BOOKMARK [2][-]{subsection.3.4}{New mathematical building blocks}{section.3}
\BOOKMARK [3][-]{subsubsection.3.4.1}{Matrices}{subsection.3.4}
\BOOKMARK [3][-]{subsubsection.3.4.2}{The multlined environment}{subsection.3.4}
\BOOKMARK [3][-]{subsubsection.3.4.3}{More cases-like environments}{subsection.3.4}
\BOOKMARK [3][-]{subsubsection.3.4.4}{Emulating indented lines in alignments}{subsection.3.4}
\BOOKMARK [3][-]{subsubsection.3.4.5}{Adding arrows between lines in an alignment}{subsection.3.4}
\BOOKMARK [2][-]{subsection.3.5}{Short intertext}{section.3}
\BOOKMARK [2][-]{subsection.3.6}{Paired delimiters}{section.3}
\BOOKMARK [2][-]{subsection.3.7}{Special symbols}{section.3}
\BOOKMARK [3][-]{subsubsection.3.7.1}{Left and right parentheses}{subsection.3.7}
\BOOKMARK [3][-]{subsubsection.3.7.2}{Vertically centered colon}{subsection.3.7}
\BOOKMARK [1][-]{section.4}{A tribute to Michael J. Downes}{}
\BOOKMARK [2][-]{subsection.4.1}{Mathematics within italic text}{section.4}
\BOOKMARK [2][-]{subsection.4.2}{Left sub/superscripts}{section.4}
\BOOKMARK [2][-]{subsection.4.3}{Declaring math sizes}{section.4}
\BOOKMARK [2][-]{subsection.4.4}{Spreading equations}{section.4}
\BOOKMARK [2][-]{subsection.4.5}{Gathered environments}{section.4}
\BOOKMARK [2][-]{subsection.4.6}{Split fractions}{section.4}
