\BOOKMARK [0][-]{part.1}{I Basic user's guide}{}
\BOOKMARK [1][-]{section.1}{Basic use of the package}{part.1}
\BOOKMARK [2][-]{subsection.1.1}{Using the empheq environment}{section.1}
\BOOKMARK [2][-]{subsection.1.2}{Markup instructions}{section.1}
\BOOKMARK [2][-]{subsection.1.3}{What won't work in the empheq environment}{section.1}
\BOOKMARK [2][-]{subsection.1.4}{Special delimiters}{section.1}
\BOOKMARK [1][-]{section.2}{Taking things a little further}{part.1}
\BOOKMARK [2][-]{subsection.2.1}{Loading the package}{section.2}
\BOOKMARK [3][-]{subsubsection.2.1.1}{Compatibility with the old version}{subsection.2.1}
\BOOKMARK [2][-]{subsection.2.2}{Package options}{section.2}
\BOOKMARK [3][-]{subsubsection.2.2.1}{Using multline}{subsection.2.2}
\BOOKMARK [3][-]{subsubsection.2.2.2}{The overload option}{subsection.2.2}
\BOOKMARK [2][-]{subsection.2.3}{A note on boxed displays}{section.2}
\BOOKMARK [1][-]{section.3}{Support for other packages}{part.1}
\BOOKMARK [2][-]{subsection.3.1}{Support for fancybox}{section.3}
\BOOKMARK [2][-]{subsection.3.2}{Support for ntheorem}{section.3}
\BOOKMARK [0][-]{part.2}{II Advanced user's guide}{}
\BOOKMARK [1][-]{section.4}{Delimiters revisited}{part.2}
\BOOKMARK [2][-]{subsection.4.1}{Creating your own delimiters}{section.4}
\BOOKMARK [2][-]{subsection.4.2}{Fine-tuning of delimiters}{section.4}
\BOOKMARK [2][-]{subsection.4.3}{Scaling material yourself}{section.4}
\BOOKMARK [1][-]{section.5}{Creating something new}{part.2}
\BOOKMARK [2][-]{subsection.5.1}{New empheq-like environments}{section.5}
\BOOKMARK [2][-]{subsection.5.2}{Creating fancy boxes}{section.5}
\BOOKMARK [1][-]{section.6}{Contact information}{part.2}
